<?xml version="1.0" encoding="UTF-8"?>
<!-- Generated by org.testng.reporters.JUnitReportReporter -->
<testsuite hostname="DESKTOP-8CMC3DJ" failures="0" tests="2" name="tests" time="7.883" errors="0" timestamp="2025-01-22T21:35:44 GMT" skipped="0">
  <testcase classname="tests" name="test2" time="1.646"/>
  <system-out/>
  <testcase classname="tests" name="test1" time="6.237"/>
  <system-out/>
</testsuite> <!-- tests -->
